-encoding
UTF-8
-outxml
-source
1.7
-target
1.7
-classpath
E:\.m2\repository\antlr\antlr\2.7.7\antlr-2.7.7.jar;E:\.m2\repository\aopalliance\aopalliance\1.0\aopalliance-1.0.jar;E:\.m2\repository\c3p0\c3p0\0.9.1.2\c3p0-0.9.1.2.jar;E:\.m2\repository\com\alibaba\fastjson\1.2.9\fastjson-1.2.9.jar;E:\.m2\repository\com\google\code\findbugs\annotations\2.0.1\annotations-2.0.1.jar;E:\.m2\repository\com\google\code\findbugs\jsr305\1.3.9\jsr305-1.3.9.jar;E:\.m2\repository\com\google\guava\guava\18.0\guava-18.0.jar;E:\.m2\repository\com\infradna\tool\bridge-method-annotation\1.13\bridge-method-annotation-1.13.jar;D:\Project\testProject\tarot\common\tarot-core\target\classes;D:\Project\testProject\tarot\common\tarot-core-domain\target\classes;D:\Project\testProject\tarot\common\tarot-core-service\target\classes;E:\.m2\repository\com\mysema\codegen\codegen\0.6.8\codegen-0.6.8.jar;E:\.m2\repository\com\mysema\commons\mysema-commons-lang\0.2.4\mysema-commons-lang-0.2.4.jar;E:\.m2\repository\com\querydsl\querydsl-apt\4.1.0\querydsl-apt-4.1.0.jar;E:\.m2\repository\com\querydsl\querydsl-codegen\4.1.0\querydsl-codegen-4.1.0.jar;E:\.m2\repository\com\querydsl\querydsl-core\4.1.0\querydsl-core-4.1.0.jar;E:\.m2\repository\com\querydsl\querydsl-jpa\4.1.0\querydsl-jpa-4.1.0.jar;E:\.m2\repository\commons-beanutils\commons-beanutils\1.8.3\commons-beanutils-1.8.3.jar;E:\.m2\repository\commons-collections\commons-collections\3.2.1\commons-collections-3.2.1.jar;E:\.m2\repository\commons-digester\commons-digester\1.8\commons-digester-1.8.jar;E:\.m2\repository\commons-fileupload\commons-fileupload\1.2.2\commons-fileupload-1.2.2.jar;E:\.m2\repository\commons-io\commons-io\2.4\commons-io-2.4.jar;E:\.m2\repository\commons-lang\commons-lang\2.6\commons-lang-2.6.jar;E:\.m2\repository\commons-logging\commons-logging\1.2\commons-logging-1.2.jar;E:\.m2\repository\commons-validator\commons-validator\1.4.0\commons-validator-1.4.0.jar;E:\.m2\repository\dom4j\dom4j\1.6.1\dom4j-1.6.1.jar;E:\.m2\repository\javax\inject\javax.inject\1\javax.inject-1.jar;E:\.m2\repository\javax\servlet\javax.servlet-api\3.0.1\javax.servlet-api-3.0.1.jar;E:\.m2\repository\javax\validation\validation-api\1.0.0.GA\validation-api-1.0.0.GA.jar;E:\.m2\repository\joda-time\joda-time\2.8.2\joda-time-2.8.2.jar;E:\.m2\repository\mysql\mysql-connector-java\5.1.38\mysql-connector-java-5.1.38.jar;E:\.m2\repository\org\apache\commons\commons-lang3\3.0\commons-lang3-3.0.jar;E:\.m2\repository\org\aspectj\aspectjrt\1.8.7\aspectjrt-1.8.7.jar;E:\.m2\repository\org\aspectj\aspectjweaver\1.5.4\aspectjweaver-1.5.4.jar;E:\.m2\repository\org\eclipse\jdt\core\compiler\ecj\4.3.1\ecj-4.3.1.jar;E:\.m2\repository\org\hibernate\hibernate-core\4.3.11.Final\hibernate-core-4.3.11.Final.jar;E:\.m2\repository\org\hibernate\hibernate-entitymanager\4.3.11.Final\hibernate-entitymanager-4.3.11.Final.jar;E:\.m2\repository\org\hibernate\hibernate-validator\4.3.0.Final\hibernate-validator-4.3.0.Final.jar;E:\.m2\repository\org\hibernate\common\hibernate-commons-annotations\4.0.5.Final\hibernate-commons-annotations-4.0.5.Final.jar;E:\.m2\repository\org\hibernate\javax\persistence\hibernate-jpa-2.1-api\1.0.0.Final\hibernate-jpa-2.1-api-1.0.0.Final.jar;E:\.m2\repository\org\javassist\javassist\3.18.1-GA\javassist-3.18.1-GA.jar;E:\.m2\repository\org\jboss\jandex\1.1.0.Final\jandex-1.1.0.Final.jar;E:\.m2\repository\org\jboss\logging\jboss-logging\3.1.3.GA\jboss-logging-3.1.3.GA.jar;E:\.m2\repository\org\jboss\logging\jboss-logging-annotations\1.2.0.Beta1\jboss-logging-annotations-1.2.0.Beta1.jar;E:\.m2\repository\org\jboss\spec\javax\transaction\jboss-transaction-api_1.2_spec\1.0.0.Final\jboss-transaction-api_1.2_spec-1.0.0.Final.jar;E:\.m2\repository\org\reflections\reflections\0.9.9\reflections-0.9.9.jar;E:\.m2\repository\org\slf4j\slf4j-api\1.6.1\slf4j-api-1.6.1.jar;E:\.m2\repository\org\springframework\spring-aop\4.2.2.RELEASE\spring-aop-4.2.2.RELEASE.jar;E:\.m2\repository\org\springframework\spring-beans\4.2.2.RELEASE\spring-beans-4.2.2.RELEASE.jar;E:\.m2\repository\org\springframework\spring-context\4.2.2.RELEASE\spring-context-4.2.2.RELEASE.jar;E:\.m2\repository\org\springframework\spring-context-support\4.2.2.RELEASE\spring-context-support-4.2.2.RELEASE.jar;E:\.m2\repository\org\springframework\spring-core\4.2.2.RELEASE\spring-core-4.2.2.RELEASE.jar;E:\.m2\repository\org\springframework\spring-expression\4.2.2.RELEASE\spring-expression-4.2.2.RELEASE.jar;E:\.m2\repository\org\springframework\spring-jdbc\4.2.2.RELEASE\spring-jdbc-4.2.2.RELEASE.jar;E:\.m2\repository\org\springframework\spring-orm\4.2.2.RELEASE\spring-orm-4.2.2.RELEASE.jar;E:\.m2\repository\org\springframework\spring-tx\4.2.2.RELEASE\spring-tx-4.2.2.RELEASE.jar;E:\.m2\repository\org\springframework\spring-web\4.2.2.RELEASE\spring-web-4.2.2.RELEASE.jar;E:\.m2\repository\org\springframework\spring-webmvc\4.2.2.RELEASE\spring-webmvc-4.2.2.RELEASE.jar;E:\.m2\repository\org\springframework\security\spring-security-config\4.0.1.RELEASE\spring-security-config-4.0.1.RELEASE.jar;E:\.m2\repository\org\springframework\security\spring-security-core\4.0.1.RELEASE\spring-security-core-4.0.1.RELEASE.jar;E:\.m2\repository\org\springframework\security\spring-security-web\4.0.1.RELEASE\spring-security-web-4.0.1.RELEASE.jar;E:\.m2\repository\xml-apis\xml-apis\1.0.b2\xml-apis-1.0.b2.jar;D:\Project\testProject\tarot\website\tarot-home\target\classes
-d
D:\Project\testProject\tarot\website\tarot-home\target\classes
D:\Project\testProject\tarot\website\tarot-home\src\main\java\com\myee\tarot\web\filter\AdminFilter.java
D:\Project\testProject\tarot\website\tarot-home\src\main\java\com\myee\tarot\web\util\DateUtil.java
D:\Project\testProject\tarot\website\tarot-home\src\main\java\com\myee\tarot\web\admin\controller\catering\TableController.java
D:\Project\testProject\tarot\website\tarot-home\src\main\java\com\myee\tarot\web\admin\controller\address\AddressController.java
D:\Project\testProject\tarot\website\tarot-home\src\main\java\com\myee\tarot\web\home\controller\ControllerConstants.java
D:\Project\testProject\tarot\website\tarot-home\src\main\java\com\myee\tarot\web\util\SessionUtil.java
D:\Project\testProject\tarot\website\tarot-home\src\main\java\com\myee\tarot\web\services\security\ServicesAuthenticationEntryPoint.java
D:\Project\testProject\tarot\website\tarot-home\src\main\java\com\myee\tarot\web\filter\CustomerFilter.java
D:\Project\testProject\tarot\website\tarot-home\src\main\java\com\myee\tarot\web\admin\controller\catering\TypeDTO.java
D:\Project\testProject\tarot\website\tarot-home\src\main\java\com\myee\tarot\web\util\TokenizeTool.java
D:\Project\testProject\tarot\website\tarot-home\src\main\java\com\myee\tarot\web\admin\controller\merchant\MerchantController.java
D:\Project\testProject\tarot\website\tarot-home\src\main\java\com\myee\tarot\web\admin\controller\user\UserController.java
D:\Project\testProject\tarot\website\tarot-home\src\main\java\com\myee\tarot\web\util\AdminAccessDeniedHandler.java
D:\Project\testProject\tarot\website\tarot-home\src\main\java\com\myee\tarot\web\home\controller\customer\CustomerLoginController.java
D:\Project\testProject\tarot\website\tarot-home\src\main\java\com\myee\tarot\web\files\FileDTO.java
D:\Project\testProject\tarot\website\tarot-home\src\main\java\com\myee\tarot\web\util\AppConfiguration.java
D:\Project\testProject\tarot\website\tarot-home\src\main\java\com\myee\tarot\web\util\StringUtil.java
D:\Project\testProject\tarot\website\tarot-home\src\main\java\com\myee\tarot\web\admin\controller\product\ProductUsedController.java
D:\Project\testProject\tarot\website\tarot-home\src\main\java\com\myee\tarot\web\admin\controller\user\AdminLoginController.java
D:\Project\testProject\tarot\website\tarot-home\src\main\java\com\myee\tarot\web\home\model\paging\PaginationData.java
D:\Project\testProject\tarot\website\tarot-home\src\main\java\com\myee\tarot\web\home\controller\customer\CustomerDashboardController.java
D:\Project\testProject\tarot\website\tarot-home\src\main\java\com\myee\tarot\web\admin\controller\customers\CustomerController.java
D:\Project\testProject\tarot\website\tarot-home\src\main\java\com\myee\tarot\web\target\TargetController.java
D:\Project\testProject\tarot\website\tarot-home\src\main\java\com\myee\tarot\web\home\controller\AbstractController.java
D:\Project\testProject\tarot\website\tarot-home\src\main\java\com\myee\tarot\web\init\InitService.java
D:\Project\testProject\tarot\website\tarot-home\src\main\java\com\myee\tarot\web\util\LabelUtil.java
D:\Project\testProject\tarot\website\tarot-home\src\main\java\com\myee\tarot\web\admin\controller\device\DeviceUsedController.java
D:\Project\testProject\tarot\website\tarot-home\src\main\java\com\myee\tarot\web\weixin\TestHandler.java
D:\Project\testProject\tarot\website\tarot-home\src\main\java\com\myee\tarot\web\admin\controller\device\DeviceController.java
D:\Project\testProject\tarot\website\tarot-home\src\main\java\com\myee\tarot\web\services\security\ServicesAuthenticationSuccessHandler.java
D:\Project\testProject\tarot\website\tarot-home\src\main\java\com\myee\tarot\web\target\SignatureController.java
D:\Project\testProject\tarot\website\tarot-home\src\main\java\com\myee\tarot\web\files\controller\FilesController.java
D:\Project\testProject\tarot\website\tarot-home\src\main\java\com\myee\tarot\web\admin\controller\product\AttributeDTO.java
D:\Project\testProject\tarot\website\tarot-home\src\main\java\com\myee\tarot\web\admin\controller\ControllerConstants.java
D:\Project\testProject\tarot\website\tarot-home\src\main\java\com\myee\tarot\web\admin\controller\AdminController.java
D:\Project\testProject\tarot\website\tarot-home\src\main\java\com\myee\tarot\web\admin\controller\catering\ZoneDTO.java
D:\Project\testProject\tarot\website\tarot-home\src\main\java\com\myee\tarot\web\files\JSTreeDTO.java
